<?xml version="1.0" encoding="UTF-8"?>
<testng-results skipped="0" failed="0" ignored="0" total="6" passed="6">
  <reporter-output>
  </reporter-output>
  <suite name="BDD Test Suite" duration-ms="134818" started-at="2022-07-20T18:04:32 ICT" finished-at="2022-07-20T18:06:47 ICT">
    <groups>
      <group name="cucumber">
        <method signature="TestRunner.feature(cucumber.api.testng.CucumberFeatureWrapper)[pri:0, instance:com.cucumberFramework.testRunner.TestRunner@7a9273a8]" name="feature" class="com.cucumberFramework.testRunner.TestRunner"/>
      </group> <!-- cucumber -->
    </groups>
    <test name="BVT Test" duration-ms="134818" started-at="2022-07-20T18:04:32 ICT" finished-at="2022-07-20T18:06:47 ICT">
      <class name="com.cucumberFramework.testRunner.TestRunner">
        <test-method status="PASS" signature="setUpClass()[pri:0, instance:com.cucumberFramework.testRunner.TestRunner@7a9273a8]" name="setUpClass" is-config="true" duration-ms="316" started-at="2022-07-20T18:04:32 ICT" finished-at="2022-07-20T18:04:32 ICT">
          <reporter-output>
          </reporter-output>
        </test-method> <!-- setUpClass -->
        <test-method status="PASS" signature="feature(cucumber.api.testng.CucumberFeatureWrapper)[pri:0, instance:com.cucumberFramework.testRunner.TestRunner@7a9273a8]" name="feature" duration-ms="19939" started-at="2022-07-20T18:04:32 ICT" description="Runs cucmber Features" data-provider="features" finished-at="2022-07-20T18:04:52 ICT">
          <params>
            <param index="0">
              <value>
                <![CDATA[Cancel Booking]]>
              </value>
            </param>
          </params>
          <reporter-output>
          </reporter-output>
        </test-method> <!-- feature -->
        <test-method status="PASS" signature="feature(cucumber.api.testng.CucumberFeatureWrapper)[pri:0, instance:com.cucumberFramework.testRunner.TestRunner@7a9273a8]" name="feature" duration-ms="12544" started-at="2022-07-20T18:04:52 ICT" description="Runs cucmber Features" data-provider="features" finished-at="2022-07-20T18:05:05 ICT">
          <params>
            <param index="0">
              <value>
                <![CDATA[Check Booking]]>
              </value>
            </param>
          </params>
          <reporter-output>
          </reporter-output>
        </test-method> <!-- feature -->
        <test-method status="PASS" signature="feature(cucumber.api.testng.CucumberFeatureWrapper)[pri:0, instance:com.cucumberFramework.testRunner.TestRunner@7a9273a8]" name="feature" duration-ms="43039" started-at="2022-07-20T18:05:05 ICT" description="Runs cucmber Features" data-provider="features" finished-at="2022-07-20T18:05:48 ICT">
          <params>
            <param index="0">
              <value>
                <![CDATA[Login functionality]]>
              </value>
            </param>
          </params>
          <reporter-output>
          </reporter-output>
        </test-method> <!-- feature -->
        <test-method status="PASS" signature="feature(cucumber.api.testng.CucumberFeatureWrapper)[pri:0, instance:com.cucumberFramework.testRunner.TestRunner@7a9273a8]" name="feature" duration-ms="27327" started-at="2022-07-20T18:05:48 ICT" description="Runs cucmber Features" data-provider="features" finished-at="2022-07-20T18:06:15 ICT">
          <params>
            <param index="0">
              <value>
                <![CDATA[Search, Booking and Payment functionality]]>
              </value>
            </param>
          </params>
          <reporter-output>
          </reporter-output>
        </test-method> <!-- feature -->
        <test-method status="PASS" signature="feature(cucumber.api.testng.CucumberFeatureWrapper)[pri:0, instance:com.cucumberFramework.testRunner.TestRunner@7a9273a8]" name="feature" duration-ms="19553" started-at="2022-07-20T18:06:15 ICT" description="Runs cucmber Features" data-provider="features" finished-at="2022-07-20T18:06:35 ICT">
          <params>
            <param index="0">
              <value>
                <![CDATA[Search for available room]]>
              </value>
            </param>
          </params>
          <reporter-output>
          </reporter-output>
        </test-method> <!-- feature -->
        <test-method status="PASS" signature="feature(cucumber.api.testng.CucumberFeatureWrapper)[pri:0, instance:com.cucumberFramework.testRunner.TestRunner@7a9273a8]" name="feature" duration-ms="11739" started-at="2022-07-20T18:06:35 ICT" description="Runs cucmber Features" data-provider="features" finished-at="2022-07-20T18:06:47 ICT">
          <params>
            <param index="0">
              <value>
                <![CDATA[Set up Rooms]]>
              </value>
            </param>
          </params>
          <reporter-output>
          </reporter-output>
        </test-method> <!-- feature -->
        <test-method status="PASS" signature="testDownClass()[pri:0, instance:com.cucumberFramework.testRunner.TestRunner@7a9273a8]" name="testDownClass" is-config="true" duration-ms="198" started-at="2022-07-20T18:06:47 ICT" finished-at="2022-07-20T18:06:47 ICT">
          <reporter-output>
          </reporter-output>
        </test-method> <!-- testDownClass -->
      </class> <!-- com.cucumberFramework.testRunner.TestRunner -->
    </test> <!-- BVT Test -->
  </suite> <!-- BDD Test Suite -->
</testng-results>
