<?xml version="1.0" encoding="UTF-8"?>
<testsuite xmlns:xsi="http://www.w3.org/2001/XMLSchema-instance" xsi:noNamespaceSchemaLocation="https://maven.apache.org/surefire/maven-surefire-plugin/xsd/surefire-test-report-3.0.xsd" version="3.0" name="TestSuite" time="135.507" tests="6" errors="0" skipped="0" failures="0">
  <properties>
[...]
</properties>
  <testcase name="feature[Cancel Booking](1)" classname="com.cucumberFramework.testRunner.TestRunner" time="19.959">
    <system-out><![CDATA[2022-07-20 18:07:797 INFO  WaitHelper :23 - waiting for element visibilityOf..
2022-07-20 18:07:506 INFO  WaitHelper :26 - element is visible..
2022-07-20 18:07:617 INFO  WaitHelper :23 - waiting for element visibilityOf..
2022-07-20 18:07:682 INFO  WaitHelper :26 - element is visible..
2022-07-20 18:07:694 INFO  WaitHelper :23 - waiting for element visibilityOf..
2022-07-20 18:07:304 INFO  WaitHelper :26 - element is visible..
2022-07-20 18:07:184 INFO  ServiceHooks :47 - Verify that user can cancel a booking if check-in date has not come yet is pass
]]></system-out>
    <system-err><![CDATA[SLF4J: Failed to load class "org.slf4j.impl.StaticLoggerBinder".
SLF4J: Defaulting to no-operation (NOP) logger implementation
SLF4J: See http://www.slf4j.org/codes.html#StaticLoggerBinder for further details.
Starting ChromeDriver 103.0.5060.53 (a1711811edd74ff1cf2150f36ffa3b0dae40b17f-refs/branch-heads/5060@{#853}) on port 55626
Only local connections are allowed.
Please see https://chromedriver.chromium.org/security-considerations for suggestions on keeping ChromeDriver safe.
ChromeDriver was started successfully.
Jul 20, 2022 6:04:35 PM org.openqa.selenium.remote.ProtocolHandshake createSession
INFO: Detected upstream dialect: W3C
Jul 20, 2022 6:04:35 PM org.openqa.selenium.devtools.CdpVersionFinder findNearestMatch
INFO: Found exact CDP implementation for version 103
]]></system-err>
  </testcase>
  <testcase name="feature[Check Booking](2)" classname="com.cucumberFramework.testRunner.TestRunner" time="12.576">
    <system-out><![CDATA[2022-07-20 18:07:44 INFO  WaitHelper :23 - waiting for element visibilityOf..
2022-07-20 18:07:94 INFO  WaitHelper :26 - element is visible..
2022-07-20 18:07:718 INFO  ServiceHooks :47 - Verify that the booking details will be displayed by using the valid booking number is pass
2022-07-20 18:07:323 INFO  WaitHelper :23 - waiting for element visibilityOf..
2022-07-20 18:07:373 INFO  WaitHelper :26 - element is visible..
2022-07-20 18:07:980 INFO  ServiceHooks :47 - Verify that a message is shown when entering invalid booking number into the Search field is pass
]]></system-out>
    <system-err><![CDATA[Starting ChromeDriver 103.0.5060.53 (a1711811edd74ff1cf2150f36ffa3b0dae40b17f-refs/branch-heads/5060@{#853}) on port 61576
Only local connections are allowed.
Please see https://chromedriver.chromium.org/security-considerations for suggestions on keeping ChromeDriver safe.
ChromeDriver was started successfully.
Jul 20, 2022 6:04:54 PM org.openqa.selenium.remote.ProtocolHandshake createSession
INFO: Detected upstream dialect: W3C
Jul 20, 2022 6:04:54 PM org.openqa.selenium.devtools.CdpVersionFinder findNearestMatch
INFO: Found exact CDP implementation for version 103
Starting ChromeDriver 103.0.5060.53 (a1711811edd74ff1cf2150f36ffa3b0dae40b17f-refs/branch-heads/5060@{#853}) on port 64656
Only local connections are allowed.
Please see https://chromedriver.chromium.org/security-considerations for suggestions on keeping ChromeDriver safe.
ChromeDriver was started successfully.
Jul 20, 2022 6:05:00 PM org.openqa.selenium.remote.ProtocolHandshake createSession
INFO: Detected upstream dialect: W3C
Jul 20, 2022 6:05:00 PM org.openqa.selenium.devtools.CdpVersionFinder findNearestMatch
INFO: Found exact CDP implementation for version 103
]]></system-err>
  </testcase>
  <testcase name="feature[Login functionality](3)" classname="com.cucumberFramework.testRunner.TestRunner" time="43.016">
    <system-out><![CDATA[2022-07-20 18:07:364 INFO  WaitHelper :23 - waiting for element visibilityOf..
2022-07-20 18:07:969 INFO  WaitHelper :26 - element is visible..
2022-07-20 18:07:68 INFO  WaitHelper :23 - waiting for element visibilityOf..
2022-07-20 18:07:113 INFO  WaitHelper :26 - element is visible..
2022-07-20 18:07:504 INFO  ServiceHooks :47 - Verify successful login with valid Admin account is pass
2022-07-20 18:07:626 INFO  WaitHelper :23 - waiting for element visibilityOf..
2022-07-20 18:07:297 INFO  WaitHelper :26 - element is visible..
2022-07-20 18:07:461 INFO  WaitHelper :23 - waiting for element visibilityOf..
2022-07-20 18:07:495 INFO  WaitHelper :26 - element is visible..
2022-07-20 18:07:627 INFO  ServiceHooks :47 - Verify successful login with valid Staff account is pass
2022-07-20 18:07:792 INFO  WaitHelper :23 - waiting for element visibilityOf..
2022-07-20 18:07:395 INFO  WaitHelper :26 - element is visible..
2022-07-20 18:07:513 INFO  WaitHelper :23 - waiting for element visibilityOf..
2022-07-20 18:07:556 INFO  WaitHelper :26 - element is visible..
2022-07-20 18:07:863 INFO  ServiceHooks :47 - Verify successful login with valid Customer account is pass
2022-07-20 18:07:992 INFO  WaitHelper :23 - waiting for element visibilityOf..
2022-07-20 18:07:597 INFO  WaitHelper :26 - element is visible..
2022-07-20 18:07:715 INFO  WaitHelper :23 - waiting for element visibilityOf..
2022-07-20 18:07:751 INFO  WaitHelper :26 - element is visible..
2022-07-20 18:07:967 INFO  ServiceHooks :47 - Verify error message when loginning with wrong password is pass
2022-07-20 18:07:965 INFO  WaitHelper :23 - waiting for element visibilityOf..
2022-07-20 18:07:562 INFO  WaitHelper :26 - element is visible..
2022-07-20 18:07:664 INFO  WaitHelper :23 - waiting for element visibilityOf..
2022-07-20 18:07:704 INFO  WaitHelper :26 - element is visible..
2022-07-20 18:07:31 INFO  ServiceHooks :47 - Verify error message when loginning with wrong username is pass
2022-07-20 18:07:102 INFO  WaitHelper :23 - waiting for element visibilityOf..
2022-07-20 18:07:716 INFO  WaitHelper :26 - element is visible..
2022-07-20 18:07:849 INFO  WaitHelper :23 - waiting for element visibilityOf..
2022-07-20 18:07:888 INFO  WaitHelper :26 - element is visible..
2022-07-20 18:07:314 INFO  ServiceHooks :47 - Verify error message when loginning with wrong username and password is pass
]]></system-out>
    <system-err><![CDATA[Starting ChromeDriver 103.0.5060.53 (a1711811edd74ff1cf2150f36ffa3b0dae40b17f-refs/branch-heads/5060@{#853}) on port 65104
Only local connections are allowed.
Please see https://chromedriver.chromium.org/security-considerations for suggestions on keeping ChromeDriver safe.
ChromeDriver was started successfully.
Jul 20, 2022 6:05:06 PM org.openqa.selenium.remote.ProtocolHandshake createSession
INFO: Detected upstream dialect: W3C
Jul 20, 2022 6:05:06 PM org.openqa.selenium.devtools.CdpVersionFinder findNearestMatch
INFO: Found exact CDP implementation for version 103
Starting ChromeDriver 103.0.5060.53 (a1711811edd74ff1cf2150f36ffa3b0dae40b17f-refs/branch-heads/5060@{#853}) on port 56152
Only local connections are allowed.
Please see https://chromedriver.chromium.org/security-considerations for suggestions on keeping ChromeDriver safe.
ChromeDriver was started successfully.
Jul 20, 2022 6:05:14 PM org.openqa.selenium.remote.ProtocolHandshake createSession
INFO: Detected upstream dialect: W3C
Jul 20, 2022 6:05:14 PM org.openqa.selenium.devtools.CdpVersionFinder findNearestMatch
INFO: Found exact CDP implementation for version 103
Starting ChromeDriver 103.0.5060.53 (a1711811edd74ff1cf2150f36ffa3b0dae40b17f-refs/branch-heads/5060@{#853}) on port 54008
Only local connections are allowed.
Please see https://chromedriver.chromium.org/security-considerations for suggestions on keeping ChromeDriver safe.
ChromeDriver was started successfully.
Jul 20, 2022 6:05:21 PM org.openqa.selenium.remote.ProtocolHandshake createSession
INFO: Detected upstream dialect: W3C
Jul 20, 2022 6:05:21 PM org.openqa.selenium.devtools.CdpVersionFinder findNearestMatch
INFO: Found exact CDP implementation for version 103
Starting ChromeDriver 103.0.5060.53 (a1711811edd74ff1cf2150f36ffa3b0dae40b17f-refs/branch-heads/5060@{#853}) on port 51603
Only local connections are allowed.
Please see https://chromedriver.chromium.org/security-considerations for suggestions on keeping ChromeDriver safe.
ChromeDriver was started successfully.
Jul 20, 2022 6:05:28 PM org.openqa.selenium.remote.ProtocolHandshake createSession
INFO: Detected upstream dialect: W3C
Jul 20, 2022 6:05:28 PM org.openqa.selenium.devtools.CdpVersionFinder findNearestMatch
INFO: Found exact CDP implementation for version 103
Starting ChromeDriver 103.0.5060.53 (a1711811edd74ff1cf2150f36ffa3b0dae40b17f-refs/branch-heads/5060@{#853}) on port 53750
Only local connections are allowed.
Please see https://chromedriver.chromium.org/security-considerations for suggestions on keeping ChromeDriver safe.
ChromeDriver was started successfully.
Jul 20, 2022 6:05:35 PM org.openqa.selenium.remote.ProtocolHandshake createSession
INFO: Detected upstream dialect: W3C
Jul 20, 2022 6:05:35 PM org.openqa.selenium.devtools.CdpVersionFinder findNearestMatch
INFO: Found exact CDP implementation for version 103
Starting ChromeDriver 103.0.5060.53 (a1711811edd74ff1cf2150f36ffa3b0dae40b17f-refs/branch-heads/5060@{#853}) on port 51404
Only local connections are allowed.
Please see https://chromedriver.chromium.org/security-considerations for suggestions on keeping ChromeDriver safe.
ChromeDriver was started successfully.
Jul 20, 2022 6:05:42 PM org.openqa.selenium.remote.ProtocolHandshake createSession
INFO: Detected upstream dialect: W3C
Jul 20, 2022 6:05:42 PM org.openqa.selenium.devtools.CdpVersionFinder findNearestMatch
INFO: Found exact CDP implementation for version 103
]]></system-err>
  </testcase>
  <testcase name="feature[Search, Booking and Payment functionality](4)" classname="com.cucumberFramework.testRunner.TestRunner" time="27.314">
    <system-out><![CDATA[2022-07-20 18:07:419 INFO  WaitHelper :23 - waiting for element visibilityOf..
2022-07-20 18:07:468 INFO  WaitHelper :26 - element is visible..
2022-07-20 18:07:425 INFO  ServiceHooks :47 - Verify that Guest can search by the valid information, select and book a room, make payment with credit card is pass
2022-07-20 18:07:159 INFO  WaitHelper :23 - waiting for element visibilityOf..
2022-07-20 18:07:741 INFO  WaitHelper :26 - element is visible..
2022-07-20 18:07:865 INFO  WaitHelper :23 - waiting for element visibilityOf..
2022-07-20 18:07:917 INFO  WaitHelper :26 - element is visible..
2022-07-20 18:07:253 INFO  WaitHelper :23 - waiting for element visibilityOf..
2022-07-20 18:07:313 INFO  WaitHelper :26 - element is visible..
2022-07-20 18:07:302 INFO  ServiceHooks :47 - Verify that Customer can search by the valid information, select and book a room, make payment with credit card is pass
]]></system-out>
    <system-err><![CDATA[Starting ChromeDriver 103.0.5060.53 (a1711811edd74ff1cf2150f36ffa3b0dae40b17f-refs/branch-heads/5060@{#853}) on port 63671
Only local connections are allowed.
Please see https://chromedriver.chromium.org/security-considerations for suggestions on keeping ChromeDriver safe.
ChromeDriver was started successfully.
Jul 20, 2022 6:05:49 PM org.openqa.selenium.remote.ProtocolHandshake createSession
INFO: Detected upstream dialect: W3C
Jul 20, 2022 6:05:49 PM org.openqa.selenium.devtools.CdpVersionFinder findNearestMatch
INFO: Found exact CDP implementation for version 103
Starting ChromeDriver 103.0.5060.53 (a1711811edd74ff1cf2150f36ffa3b0dae40b17f-refs/branch-heads/5060@{#853}) on port 51040
Only local connections are allowed.
Please see https://chromedriver.chromium.org/security-considerations for suggestions on keeping ChromeDriver safe.
ChromeDriver was started successfully.
Jul 20, 2022 6:06:02 PM org.openqa.selenium.remote.ProtocolHandshake createSession
INFO: Detected upstream dialect: W3C
Jul 20, 2022 6:06:02 PM org.openqa.selenium.devtools.CdpVersionFinder findNearestMatch
INFO: Found exact CDP implementation for version 103
]]></system-err>
  </testcase>
  <testcase name="feature[Search for available room](5)" classname="com.cucumberFramework.testRunner.TestRunner" time="19.551">
    <system-out><![CDATA[Abc
5
5
500.5

2
2
600.0
Deluxe
2
2
250.0
Junior Suite
2
1
200.0
Superior City View
2
2
150.0
Grand Apartment
4
2
400.0
Deluxe Twin
2
2
250.0
Pass
2022-07-20 18:07:185 INFO  WaitHelper :23 - waiting for element visibilityOf..
2022-07-20 18:07:204 INFO  WaitHelper :26 - element is visible..
2022-07-20 18:07:962 INFO  ServiceHooks :47 - Verify that all available rooms are shown when Guest inputs the valid information is pass
2022-07-20 18:07:498 INFO  WaitHelper :23 - waiting for element visibilityOf..
2022-07-20 18:07:83 INFO  WaitHelper :26 - element is visible..
2022-07-20 18:07:205 INFO  WaitHelper :23 - waiting for element visibilityOf..
2022-07-20 18:07:246 INFO  WaitHelper :26 - element is visible..
Abc
5
5
500.5
Grand Apartment
4
2
400.0
Junior Suite
2
1
200.0

2
2
600.0
Superior City View
2
2
150.0
Deluxe Twin
2
2
250.0
Deluxe
2
2
250.0
Pass
2022-07-20 18:07:08 INFO  WaitHelper :23 - waiting for element visibilityOf..
2022-07-20 18:07:24 INFO  WaitHelper :26 - element is visible..
2022-07-20 18:07:742 INFO  ServiceHooks :47 - Verify that all available rooms are shown when Customer inputs the valid information is pass
]]></system-out>
    <system-err><![CDATA[Starting ChromeDriver 103.0.5060.53 (a1711811edd74ff1cf2150f36ffa3b0dae40b17f-refs/branch-heads/5060@{#853}) on port 51852
Only local connections are allowed.
Please see https://chromedriver.chromium.org/security-considerations for suggestions on keeping ChromeDriver safe.
ChromeDriver was started successfully.
Jul 20, 2022 6:06:17 PM org.openqa.selenium.remote.ProtocolHandshake createSession
INFO: Detected upstream dialect: W3C
Jul 20, 2022 6:06:17 PM org.openqa.selenium.devtools.CdpVersionFinder findNearestMatch
INFO: Found exact CDP implementation for version 103
Starting ChromeDriver 103.0.5060.53 (a1711811edd74ff1cf2150f36ffa3b0dae40b17f-refs/branch-heads/5060@{#853}) on port 61614
Only local connections are allowed.
Please see https://chromedriver.chromium.org/security-considerations for suggestions on keeping ChromeDriver safe.
ChromeDriver was started successfully.
Jul 20, 2022 6:06:25 PM org.openqa.selenium.remote.ProtocolHandshake createSession
INFO: Detected upstream dialect: W3C
Jul 20, 2022 6:06:25 PM org.openqa.selenium.devtools.CdpVersionFinder findNearestMatch
INFO: Found exact CDP implementation for version 103
]]></system-err>
  </testcase>
  <testcase name="feature[Set up Rooms](6)" classname="com.cucumberFramework.testRunner.TestRunner" time="11.734">
    <system-out><![CDATA[2022-07-20 18:07:230 INFO  WaitHelper :23 - waiting for element visibilityOf..
2022-07-20 18:07:821 INFO  WaitHelper :26 - element is visible..
2022-07-20 18:07:941 INFO  WaitHelper :23 - waiting for element visibilityOf..
2022-07-20 18:07:990 INFO  WaitHelper :26 - element is visible..
2022-07-20 18:07:374 INFO  WaitHelper :23 - waiting for element visibilityOf..
2022-07-20 18:07:428 INFO  WaitHelper :26 - element is visible..
2022-07-20 18:07:553 INFO  WaitHelper :23 - waiting for element visibilityOf..
2022-07-20 18:07:633 INFO  WaitHelper :26 - element is visible..
2022-07-20 18:07:58 INFO  ServiceHooks :47 - Verify that users can add a new room to the system is pass
]]></system-out>
    <system-err><![CDATA[Starting ChromeDriver 103.0.5060.53 (a1711811edd74ff1cf2150f36ffa3b0dae40b17f-refs/branch-heads/5060@{#853}) on port 64431
Only local connections are allowed.
Please see https://chromedriver.chromium.org/security-considerations for suggestions on keeping ChromeDriver safe.
ChromeDriver was started successfully.
Jul 20, 2022 6:06:36 PM org.openqa.selenium.remote.ProtocolHandshake createSession
INFO: Detected upstream dialect: W3C
Jul 20, 2022 6:06:36 PM org.openqa.selenium.devtools.CdpVersionFinder findNearestMatch
INFO: Found exact CDP implementation for version 103
]]></system-err>
  </testcase>
</testsuite>