<?xml version="1.0" encoding="UTF-8"?>
<testng-results skipped="0" failed="0" ignored="0" total="1" passed="1">
  <reporter-output>
  </reporter-output>
  <suite name="Default suite" duration-ms="19215" started-at="2022-07-15T17:49:07 ICT" finished-at="2022-07-15T17:49:26 ICT">
    <groups>
      <group name="cucumber">
        <method signature="TestRunner.feature(cucumber.api.testng.CucumberFeatureWrapper)[pri:0, instance:com.cucumberFramework.testRunner.TestRunner@706a04ae]" name="feature" class="com.cucumberFramework.testRunner.TestRunner"/>
      </group> <!-- cucumber -->
    </groups>
    <test name="Default test" duration-ms="19215" started-at="2022-07-15T17:49:07 ICT" finished-at="2022-07-15T17:49:26 ICT">
      <class name="com.cucumberFramework.testRunner.TestRunner">
        <test-method status="PASS" signature="setUpClass()[pri:0, instance:com.cucumberFramework.testRunner.TestRunner@706a04ae]" name="setUpClass" is-config="true" duration-ms="327" started-at="2022-07-15T17:49:07 ICT" finished-at="2022-07-15T17:49:08 ICT">
          <reporter-output>
          </reporter-output>
        </test-method> <!-- setUpClass -->
        <test-method status="PASS" signature="feature(cucumber.api.testng.CucumberFeatureWrapper)[pri:0, instance:com.cucumberFramework.testRunner.TestRunner@706a04ae]" name="feature" duration-ms="18677" started-at="2022-07-15T17:49:08 ICT" description="Runs cucmber Features" data-provider="features" finished-at="2022-07-15T17:49:26 ICT">
          <params>
            <param index="0">
              <value>
                <![CDATA[Cancel Booking]]>
              </value>
            </param>
          </params>
          <reporter-output>
          </reporter-output>
        </test-method> <!-- feature -->
        <test-method status="PASS" signature="testDownClass()[pri:0, instance:com.cucumberFramework.testRunner.TestRunner@706a04ae]" name="testDownClass" is-config="true" duration-ms="29" started-at="2022-07-15T17:49:26 ICT" finished-at="2022-07-15T17:49:26 ICT">
          <reporter-output>
          </reporter-output>
        </test-method> <!-- testDownClass -->
      </class> <!-- com.cucumberFramework.testRunner.TestRunner -->
    </test> <!-- Default test -->
  </suite> <!-- Default suite -->
</testng-results>
